<?xml version="1.0" encoding="UTF-8"?>
<!-- Generated by org.testng.reporters.JUnitXMLReporter -->
<testsuite ignored="0" hostname="Phanis-MacBook-Pro.local" failures="0" tests="4" name="HomePage" time="25.272" errors="0" timestamp="2023-04-11T20:08:29 IST">
  <testcase classname="com.softwaretestingboard.magento.test.HomePageTest" name="HomePageTitleTest" time="0.144"/>
  <testcase classname="com.softwaretestingboard.magento.test.HomePageTest" name="HomePageURLTest" time="0.55"/>
  <testcase classname="com.softwaretestingboard.magento.test.HomePageTest" name="isSearchExisted" time="3.695"/>
  <testcase classname="com.softwaretestingboard.magento.test.HomePageTest" name="istypeOfSalesExisted" time="0.854"/>
</testsuite> <!-- HomePage -->
