<?xml version="1.0" encoding="UTF-8"?>
<!-- Generated by org.testng.reporters.JUnitXMLReporter -->
<testsuite ignored="0" hostname="Phanis-MacBook-Pro.local" failures="0" tests="5" name="WhatsNewPage" time="27.362" errors="0" timestamp="2023-04-11T20:08:31 IST">
  <testcase classname="com.softwaretestingboard.magento.test.WhatsNewTest" name="whatsNewPageTitleTest" time="0.069"/>
  <testcase classname="com.softwaretestingboard.magento.test.WhatsNewTest" name="isHoodiesExisted" time="0.604"/>
  <testcase classname="com.softwaretestingboard.magento.test.WhatsNewTest" name="isJacketExisted" time="0.185"/>
  <testcase classname="com.softwaretestingboard.magento.test.WhatsNewTest" name="isNewMenExisted" time="0.094"/>
  <testcase classname="com.softwaretestingboard.magento.test.WhatsNewTest" name="isNewWomenExisted" time="0.034"/>
</testsuite> <!-- WhatsNewPage -->
