<?xml version="1.0" encoding="UTF-8"?>
<!-- Generated by org.testng.reporters.JUnitXMLReporter -->
<testsuite ignored="0" hostname="Phanis-MacBook-Pro.local" failures="0" tests="4" name="HomePage" time="19.422" errors="0" timestamp="2023-04-17T12:05:58 IST">
  <testcase classname="com.softwaretestingboard.magento.test.HomePageTest" name="HomePageTitleTest" time="0.215"/>
  <testcase classname="com.softwaretestingboard.magento.test.HomePageTest" name="HomePageURLTest" time="1.047"/>
  <testcase classname="com.softwaretestingboard.magento.test.HomePageTest" name="isSearchExisted" time="5.261"/>
  <testcase classname="com.softwaretestingboard.magento.test.HomePageTest" name="istypeOfSalesExisted" time="0.203"/>
</testsuite> <!-- HomePage -->
