<?xml version="1.0" encoding="UTF-8"?>
<!-- Generated by org.testng.reporters.JUnitXMLReporter -->
<testsuite ignored="0" hostname="Phanis-MacBook-Pro.local" failures="0" tests="3" name="SearchPage" time="34.215" errors="0" timestamp="2023-04-17T12:06:13 IST">
  <testcase classname="com.softwaretestingboard.magento.test.SearchTest" name="verifySearch" time="11.375"/>
  <testcase classname="com.softwaretestingboard.magento.test.SearchTest" name="verifySearch" time="6.13"/>
  <testcase classname="com.softwaretestingboard.magento.test.SearchTest" name="verifySearch" time="2.526"/>
</testsuite> <!-- SearchPage -->
