<?xml version="1.0" encoding="UTF-8"?>
<!-- Generated by org.testng.reporters.JUnitXMLReporter -->
<testsuite ignored="0" hostname="Phanis-MacBook-Pro.local" failures="0" tests="4" name="Test" time="17.041" errors="0" timestamp="2023-04-09T12:59:26 IST">
  <testcase classname="com.softwaretestingboard.magento.test.HomePageTest" name="HomePageTitleTest" time="0.163"/>
  <testcase classname="com.softwaretestingboard.magento.test.HomePageTest" name="HomePageURLTest" time="0.074"/>
  <testcase classname="com.softwaretestingboard.magento.test.HomePageTest" name="isSearchExisted" time="1.924"/>
  <testcase classname="com.softwaretestingboard.magento.test.HomePageTest" name="istypeOfSalesExisted" time="1.107"/>
</testsuite> <!-- Test -->
