<?xml version="1.0" encoding="UTF-8"?>
<!-- Generated by org.testng.reporters.JUnitXMLReporter -->
<testsuite ignored="0" hostname="Phanis-MacBook-Pro.local" failures="0" tests="5" name="WhatsNewPage" time="22.98" errors="0" timestamp="2023-04-17T12:06:02 IST">
  <testcase classname="com.softwaretestingboard.magento.test.WhatsNewTest" name="whatsNewPageTitleTest" time="0.088"/>
  <testcase classname="com.softwaretestingboard.magento.test.WhatsNewTest" name="isHoodiesExisted" time="0.691"/>
  <testcase classname="com.softwaretestingboard.magento.test.WhatsNewTest" name="isJacketExisted" time="0.138"/>
  <testcase classname="com.softwaretestingboard.magento.test.WhatsNewTest" name="isNewMenExisted" time="0.15"/>
  <testcase classname="com.softwaretestingboard.magento.test.WhatsNewTest" name="isNewWomenExisted" time="0.037"/>
</testsuite> <!-- WhatsNewPage -->
